This is pdfTeX, Version 3.14159265-2.6-1.40.21 (MiKTeX 2.9.7440 64-bit) (preloaded format=pdflatex 2020.6.19)  19 JUN 2020 17:08
entering extended mode
**./reportGroup15.tex
(reportGroup15.tex
LaTeX2e <2020-02-02> patch level 5
L3 programming layer <2020-06-03> (ifacconf.cls
Document Class: ifacconf 2007/05/31, 3.2ModD: IFAC conferences

\@frontmatterwidth=\dimen134
\@bls=\dimen135
\eqntopsep=\skip47
\eqnarraycolsep=\dimen136
\labelwidthi=\dimen137
\labelwidthii=\dimen138
\labelwidthiii=\dimen139
\labelwidthiv=\dimen140
\@maxlistdepth=\count167
\eqnbaselineskip=\skip48
\eqnlineskip=\skip49
\mathindent=\dimen141
\rulepreskip=\dimen142
\rulepostskip=\dimen143
\Arrayrulewidth=\dimen144
\crulepostskip=\dimen145
\@Ldec=\dimen146
\@Rdec=\dimen147
\@Lpmdec=\dimen148
\@Rpmdec=\dimen149
\c@section=\count168
\c@subsection=\count169
\c@subsubsection=\count170
\c@paragraph=\count171
\c@subparagraph=\count172

("C:\Users\SteffenZeile\AppData\Local\Programs\MiKTeX 2.9\tex/latex/tools\theor
em.sty"
Package: theorem 2014/10/28 v2.2c Theorem extension package (FMi)
\theorem@style=\toks15
\theorem@bodyfont=\toks16
\theorempreskipamount=\skip50
\theorempostskipamount=\skip51

("C:\Users\SteffenZeile\AppData\Local\Programs\MiKTeX 2.9\tex/latex/tools\thp.s
ty"
File: thp.sty 2014/10/28 v2.2c Theorem extension package (FMi)
))
("C:\Users\SteffenZeile\AppData\Local\Programs\MiKTeX 2.9\tex/latex/base\newlfo
nt.sty"
Package: newlfont 1998/08/17 v2.2m Standard LaTeX package
LaTeX Info: Redefining \em on input line 57.

("C:\Users\SteffenZeile\AppData\Local\Programs\MiKTeX 2.9\tex/latex/base\latexs
ym.sty"
Package: latexsym 1998/08/17 v2.2e Standard LaTeX package (lasy symbols)
\symlasy=\mathgroup4
LaTeX Font Info:    Overwriting symbol font `lasy' in version `bold'
(Font)                  U/lasy/m/n --> U/lasy/b/n on input line 52.
))
LaTeX Info: Redefining \rm on input line 595.
LaTeX Info: Redefining \sf on input line 596.
LaTeX Info: Redefining \tt on input line 597.
LaTeX Info: Redefining \bf on input line 598.
LaTeX Info: Redefining \it on input line 599.
LaTeX Info: Redefining \sl on input line 600.
LaTeX Info: Redefining \sc on input line 601.
\c@thm=\count173
\c@alg=\count174
\c@algorithm=\count175
\c@note=\count176
\c@summ=\count177
\c@case=\count178
\@tempcntc=\count179
\c@figure=\count180
\c@table=\count181
\t@glob@notes=\toks17
\t@loc@notes=\toks18
\note@cnt=\count182
\c@author=\count183
\n@author=\count184
\c@collab=\count185
\n@collab=\count186
\c@address=\count187
\sv@mathsurround=\dimen150
\sv@hyphenpenalty=\count188
\prev@elem=\count189
\cur@elem=\count190
\fm@box=\box45
\fm@size=\dimen151
\t@abstract=\box46
\t@keyword=\box47
\rep@mod=\count191
\t@xtheight=\dimen152
\@logoheight=\dimen153
\@pubyear=\count192
\c@firstpage=\count193
\c@lastpage=\count194
\slashbox=\box48
LaTeX Font Info:    External font `cmex10' loaded for size
(Font)              <7> on input line 1506.
LaTeX Font Info:    External font `cmex10' loaded for size
(Font)              <5> on input line 1506.
LaTeX Font Info:    Trying to load font information for U+lasy on input line 15
06.

("C:\Users\SteffenZeile\AppData\Local\Programs\MiKTeX 2.9\tex/latex/base\ulasy.
fd"
File: ulasy.fd 1998/08/17 v2.2e LaTeX symbol font definitions
)
\Slashbox=\box49
LaTeX Font Info:    External font `cmex10' loaded for size
(Font)              <12> on input line 1507.
LaTeX Font Info:    External font `cmex10' loaded for size
(Font)              <8> on input line 1507.
LaTeX Font Info:    External font `cmex10' loaded for size
(Font)              <6> on input line 1507.
\@frontindent=\dimen154
)
("C:\Users\SteffenZeile\AppData\Local\Programs\MiKTeX 2.9\tex/latex/amsmath\ams
math.sty"
Package: amsmath 2020/01/20 v2.17e AMS math features
\@mathmargin=\skip52

For additional information on amsmath, use the `?' option.

("C:\Users\SteffenZeile\AppData\Local\Programs\MiKTeX 2.9\tex/latex/amsmath\ams
text.sty"
Package: amstext 2000/06/29 v2.01 AMS text

("C:\Users\SteffenZeile\AppData\Local\Programs\MiKTeX 2.9\tex/latex/amsmath\ams
gen.sty"
File: amsgen.sty 1999/11/30 v2.0 generic functions
\@emptytoks=\toks19
\ex@=\dimen155
))
("C:\Users\SteffenZeile\AppData\Local\Programs\MiKTeX 2.9\tex/latex/amsmath\ams
bsy.sty"
Package: amsbsy 1999/11/29 v1.2d Bold Symbols
\pmbraise@=\dimen156
)
("C:\Users\SteffenZeile\AppData\Local\Programs\MiKTeX 2.9\tex/latex/amsmath\ams
opn.sty"
Package: amsopn 2016/03/08 v2.02 operator names
LaTeX Info: Redefining \operatorname on input line 43.
)
\inf@bad=\count195
LaTeX Info: Redefining \frac on input line 227.
\uproot@=\count196
\leftroot@=\count197
LaTeX Info: Redefining \overline on input line 389.
\classnum@=\count198
\DOTSCASE@=\count199
LaTeX Info: Redefining \ldots on input line 486.
LaTeX Info: Redefining \dots on input line 489.
LaTeX Info: Redefining \cdots on input line 610.
\Mathstrutbox@=\box50
\strutbox@=\box51
\big@size=\dimen157
LaTeX Font Info:    Redeclaring font encoding OML on input line 733.
LaTeX Font Info:    Redeclaring font encoding OMS on input line 734.
\macc@depth=\count266
\c@MaxMatrixCols=\count267
\dotsspace@=\muskip16
\c@parentequation=\count268
\dspbrk@lvl=\count269
\tag@help=\toks20
\row@=\count270
\column@=\count271
\maxfields@=\count272
\andhelp@=\toks21
\eqnshift@=\dimen158
\alignsep@=\dimen159
\tagshift@=\dimen160
\tagwidth@=\dimen161
\totwidth@=\dimen162
\lineht@=\dimen163
\@envbody=\toks22
\multlinegap=\skip53
\multlinetaggap=\skip54
\mathdisplay@stack=\toks23
LaTeX Info: Redefining \[ on input line 2859.
LaTeX Info: Redefining \] on input line 2860.
) (natbib.sty
Package: natbib 1998/07/14 6.8c (PWD)
\bibhang=\skip55
\bibsep=\skip56
LaTeX Info: Redefining \cite on input line 467.
\c@NAT@ctr=\count273
)
("C:\Users\SteffenZeile\AppData\Local\Programs\MiKTeX 2.9\tex/latex/graphics\gr
aphicx.sty"
Package: graphicx 2019/11/30 v1.2a Enhanced LaTeX Graphics (DPC,SPQR)

("C:\Users\SteffenZeile\AppData\Local\Programs\MiKTeX 2.9\tex/latex/graphics\ke
yval.sty"
Package: keyval 2014/10/28 v1.15 key=value parser (DPC)
\KV@toks@=\toks24
)
("C:\Users\SteffenZeile\AppData\Local\Programs\MiKTeX 2.9\tex/latex/graphics\gr
aphics.sty"
Package: graphics 2019/11/30 v1.4a Standard LaTeX Graphics (DPC,SPQR)

("C:\Users\SteffenZeile\AppData\Local\Programs\MiKTeX 2.9\tex/latex/graphics\tr
ig.sty"
Package: trig 2016/01/03 v1.10 sin cos tan (DPC)
)
("C:\Users\SteffenZeile\AppData\Local\Programs\MiKTeX 2.9\tex/latex/graphics-cf
g\graphics.cfg"
File: graphics.cfg 2016/06/04 v1.11 sample graphics configuration
)
Package graphics Info: Driver file: pdftex.def on input line 105.

("C:\Users\SteffenZeile\AppData\Local\Programs\MiKTeX 2.9\tex/latex/graphics-de
f\pdftex.def"
File: pdftex.def 2018/01/08 v1.0l Graphics/color driver for pdftex
))
\Gin@req@height=\dimen164
\Gin@req@width=\dimen165
)
("C:\Users\SteffenZeile\AppData\Local\Programs\MiKTeX 2.9\tex/latex/units\units
.sty"
Package: units 1998/08/04 v0.9b Typesetting units

("C:\Users\SteffenZeile\AppData\Local\Programs\MiKTeX 2.9\tex/latex/base\ifthen
.sty"
Package: ifthen 2014/09/29 v1.1c Standard LaTeX ifthen package (DPC)
)
("C:\Users\SteffenZeile\AppData\Local\Programs\MiKTeX 2.9\tex/latex/units\nicef
rac.sty"
Package: nicefrac 1998/08/04 v0.9b Nice fractions
\L@UnitsRaiseDisplaystyle=\skip57
\L@UnitsRaiseTextstyle=\skip58
\L@UnitsRaiseScriptstyle=\skip59
))
("C:\Users\SteffenZeile\AppData\Local\Programs\MiKTeX 2.9\tex/generic/german\ng
erman.sty" v2.5e 1998-07-08
Package: ngerman 1998/07/08 v2.5e Support for writing german texts (br)
\grmnU@D=\dimen166
ngerman -- \language number for naustrian undefined, default 51 used.
)
("C:\Users\SteffenZeile\AppData\Local\Programs\MiKTeX 2.9\tex/latex/base\fonten
c.sty"
Package: fontenc 2020/02/11 v2.0o Standard LaTeX package
)
("C:\Users\SteffenZeile\AppData\Local\Programs\MiKTeX 2.9\tex/latex/pstricks\ps
tricks.sty"
Package: pstricks 2020/06/11 v0.70 LaTeX wrapper for `PSTricks' (RN,HV)

("C:\Users\SteffenZeile\AppData\Local\Programs\MiKTeX 2.9\tex/generic/iftex\ift
ex.sty"
Package: iftex 2020/03/06 v1.0d TeX engine tests
)
("C:\Users\SteffenZeile\AppData\Local\Programs\MiKTeX 2.9\tex/latex/xcolor\xcol
or.sty"
Package: xcolor 2016/05/11 v2.12 LaTeX color extensions (UK)

("C:\Users\SteffenZeile\AppData\Local\Programs\MiKTeX 2.9\tex/latex/graphics-cf
g\color.cfg"
File: color.cfg 2016/01/02 v1.6 sample color configuration
)
Package xcolor Info: Driver file: pdftex.def on input line 225.
Package xcolor Info: Model `cmy' substituted by `cmy0' on input line 1348.
Package xcolor Info: Model `hsb' substituted by `rgb' on input line 1352.
Package xcolor Info: Model `RGB' extended on input line 1364.
Package xcolor Info: Model `HTML' substituted by `rgb' on input line 1366.
Package xcolor Info: Model `Hsb' substituted by `hsb' on input line 1367.
Package xcolor Info: Model `tHsb' substituted by `hsb' on input line 1368.
Package xcolor Info: Model `HSB' substituted by `hsb' on input line 1369.
Package xcolor Info: Model `Gray' substituted by `gray' on input line 1370.
Package xcolor Info: Model `wave' substituted by `hsb' on input line 1371.
)
("C:\Users\SteffenZeile\AppData\Local\Programs\MiKTeX 2.9\tex/generic/xkeyval\p
st-xkey.tex"
File: pst-xkey.tex 2005/11/25 v1.6 PSTricks specialization of xkeyval (HA)

("C:\Users\SteffenZeile\AppData\Local\Programs\MiKTeX 2.9\tex/latex/xkeyval\xke
yval.sty"
Package: xkeyval 2014/12/03 v2.7a package option processing (HA)

("C:\Users\SteffenZeile\AppData\Local\Programs\MiKTeX 2.9\tex/generic/xkeyval\x
keyval.tex"
("C:\Users\SteffenZeile\AppData\Local\Programs\MiKTeX 2.9\tex/generic/xkeyval\x
kvutils.tex"
\XKV@toks=\toks25
\XKV@tempa@toks=\toks26
)
\XKV@depth=\count274
File: xkeyval.tex 2014/12/03 v2.7a key=value parser (HA)
)))
("C:\Users\SteffenZeile\AppData\Local\Programs\MiKTeX 2.9\tex/generic/pstricks\
pstricks.tex"
("C:\Users\SteffenZeile\AppData\Local\Programs\MiKTeX 2.9\tex/generic/pstricks\
pst-fp.tex" `pst-fp' v0.05, 2010/01/17 (hv)
\pstFP@xs=\count275
\pstFP@xia=\count276
\pstFP@xib=\count277
\pstFP@xfa=\count278
\pstFP@xfb=\count279
\pstFP@rega=\count280
\pstFP@regb=\count281
\pstFP@regs=\count282
\pstFP@times=\count283
)
("C:\Users\SteffenZeile\AppData\Local\Programs\MiKTeX 2.9\tex/generic/pgf/utili
ties\pgfutil-common.tex"
\pgfutil@everybye=\toks27
\pgfutil@tempdima=\dimen167
\pgfutil@tempdimb=\dimen168

("C:\Users\SteffenZeile\AppData\Local\Programs\MiKTeX 2.9\tex/generic/pgf/utili
ties\pgfutil-common-lists.tex"))
("C:\Users\SteffenZeile\AppData\Local\Programs\MiKTeX 2.9\tex/generic/pgf/utili
ties\pgfkeys.code.tex"
\pgfkeys@pathtoks=\toks28
\pgfkeys@temptoks=\toks29

("C:\Users\SteffenZeile\AppData\Local\Programs\MiKTeX 2.9\tex/generic/pgf/utili
ties\pgfkeysfiltered.code.tex"
\pgfkeys@tmptoks=\toks30
))
("C:\Users\SteffenZeile\AppData\Local\Programs\MiKTeX 2.9\tex/generic/pgf/utili
ties\pgffor.code.tex"
Loading pgffor.code.tex

("C:\Users\SteffenZeile\AppData\Local\Programs\MiKTeX 2.9\tex/generic/pgf/math\
pgfmath.code.tex"
("C:\Users\SteffenZeile\AppData\Local\Programs\MiKTeX 2.9\tex/generic/pgf/math\
pgfmathcalc.code.tex"
("C:\Users\SteffenZeile\AppData\Local\Programs\MiKTeX 2.9\tex/generic/pgf/math\
pgfmathutil.code.tex"
\pgf@x=\dimen169
\pgf@xa=\dimen170
\pgf@xb=\dimen171
\pgf@xc=\dimen172
\pgf@y=\dimen173
\pgf@ya=\dimen174
\pgf@yb=\dimen175
\pgf@yc=\dimen176
\c@pgf@counta=\count284
\c@pgf@countb=\count285
\c@pgf@countc=\count286
\c@pgf@countd=\count287
\pgfutil@tempcnta=\count288
\pgfutil@tempcntb=\count289
)
("C:\Users\SteffenZeile\AppData\Local\Programs\MiKTeX 2.9\tex/generic/pgf/math\
pgfmathparser.code.tex"
\pgfmath@dimen=\dimen177
\pgfmath@count=\count290
\pgfmath@box=\box52
\pgfmath@toks=\toks31
\pgfmath@stack@operand=\toks32
\pgfmath@stack@operation=\toks33
)
("C:\Users\SteffenZeile\AppData\Local\Programs\MiKTeX 2.9\tex/generic/pgf/math\
pgfmathfunctions.code.tex"
("C:\Users\SteffenZeile\AppData\Local\Programs\MiKTeX 2.9\tex/generic/pgf/math\
pgfmathfunctions.basic.code.tex")
("C:\Users\SteffenZeile\AppData\Local\Programs\MiKTeX 2.9\tex/generic/pgf/math\
pgfmathfunctions.trigonometric.code.tex")
("C:\Users\SteffenZeile\AppData\Local\Programs\MiKTeX 2.9\tex/generic/pgf/math\
pgfmathfunctions.random.code.tex")
("C:\Users\SteffenZeile\AppData\Local\Programs\MiKTeX 2.9\tex/generic/pgf/math\
pgfmathfunctions.comparison.code.tex")
("C:\Users\SteffenZeile\AppData\Local\Programs\MiKTeX 2.9\tex/generic/pgf/math\
pgfmathfunctions.base.code.tex")
("C:\Users\SteffenZeile\AppData\Local\Programs\MiKTeX 2.9\tex/generic/pgf/math\
pgfmathfunctions.round.code.tex")
("C:\Users\SteffenZeile\AppData\Local\Programs\MiKTeX 2.9\tex/generic/pgf/math\
pgfmathfunctions.misc.code.tex")
("C:\Users\SteffenZeile\AppData\Local\Programs\MiKTeX 2.9\tex/generic/pgf/math\
pgfmathfunctions.integerarithmetics.code.tex")))
("C:\Users\SteffenZeile\AppData\Local\Programs\MiKTeX 2.9\tex/generic/pgf/math\
pgfmathfloat.code.tex"
\c@pgfmathroundto@lastzeros=\count291
))
\pgffor@iter=\dimen178
\pgffor@skip=\dimen179
\pgffor@stack=\toks34
\pgffor@toks=\toks35
)
\psLoopIndex=\count292

`PSTricks' v2.97  <2019/05/11> (tvz,hv)
\pst@dima=\dimen180
\pst@dimb=\dimen181
\pst@dimc=\dimen182
\pst@dimd=\dimen183
\pst@dimg=\dimen184
\pst@dimh=\dimen185
\pst@dimm=\dimen186
\pst@dimn=\dimen187
\pst@dimo=\dimen188
\pst@dimp=\dimen189
\pst@hbox=\box53
\pst@ibox=\box54
\pst@boxg=\box55
\pst@cnta=\count293
\pst@cntb=\count294
\pst@cntc=\count295
\pst@cntd=\count296
\pst@cntg=\count297
\pst@cnth=\count298
\pst@cntm=\count299
\pst@cntn=\count300
\pst@cnto=\count301
\pst@cntp=\count302
\@zero=\count303
\pst@toks=\toks36

("C:\Users\SteffenZeile\AppData\Local\Programs\MiKTeX 2.9\tex/generic/pstricks\
pstricks.con")
\psunit=\dimen190
\psxunit=\dimen191
\psyunit=\dimen192
\pst@C@@rType=\count304
\pslinewidth=\dimen193
\psk@startLW=\dimen194
\psk@endLW=\dimen195
\pst@customdefs=\toks37
\pslinearc=\dimen196
\pst@symbolStep=\dimen197
\pst@symbolWidth=\dimen198
\pst@symbolLinewidth=\dimen199
\everypsbox=\toks38
\psframesep=\dimen256
\pslabelsep=\dimen257
\sh@wgridXunit=\dimen258
\sh@wgridYunit=\dimen259
\pst@shift=\dimen260
)
File: pstricks.tex 2019/05/11 v2.97 `PSTricks' (tvz,hv)

("C:\Users\SteffenZeile\AppData\Local\Programs\MiKTeX 2.9\tex/generic/pstricks\
pst-fp.tex")
File: pst-fp.tex 2019/05/11 v2.97 `PST-fp' (hv)
)
("C:\Users\SteffenZeile\AppData\Local\Programs\MiKTeX 2.9\tex/latex/pst-node\ps
t-node.sty"
Package: pst-node 2012/09/18 v1.01 LaTeX wrapper for `pst-node' (HV)
Package: pst-node 2010/04/22 package wrapper for pst-node.tex

("C:\Users\SteffenZeile\AppData\Local\Programs\MiKTeX 2.9\tex/generic/pst-node\
pst-node.tex"  v1.42a, 2020/04/01
\psrow=\count305
\pscol=\count306
\psmatrixcnt=\count307
\psrowsep=\skip60
\pscolsep=\skip61
\pst@args=\count308
\num@pts=\count309
\pst@argcnt=\count310
)
File: pst-node.tex 2020/04/01 1.42a `pst-node' (tvz,hv)
)
("C:\Users\SteffenZeile\AppData\Local\Programs\MiKTeX 2.9\tex/latex/pst-plot\ps
t-plot.sty"
Package: pst-plot 2011/06/05 v1.00 LaTeX wrapper for `pst-plot' (HV)

("C:\Users\SteffenZeile\AppData\Local\Programs\MiKTeX 2.9\tex/latex/xkeyval\pst
-xkey.sty"
Package: pst-xkey 2005/11/25 v1.6 package wrapper for pst-xkey.tex (HA)
)
("C:\Users\SteffenZeile\AppData\Local\Programs\MiKTeX 2.9\tex/latex/multido\mul
tido.sty"
Package: multido 2004/05/17 package wrapper for PSTricks `multido.tex', (HV/RN)


("C:\Users\SteffenZeile\AppData\Local\Programs\MiKTeX 2.9\tex/generic/multido\m
ultido.tex"  v1.42, 2010/05/14 <tvz>
\multido@count=\count311
\multidocount=\count312
\multido@stuff=\toks39
)
File: multido.tex 2010/05/14 v1.42 `multido' (tvz,hv)
)
Package: pst-plot 2011/04/13 package wrapper for pst-plot.tex (hv)

("C:\Users\SteffenZeile\AppData\Local\Programs\MiKTeX 2.9\tex/generic/pst-plot\
pst-plot.tex"
("C:\Users\SteffenZeile\AppData\Local\Programs\MiKTeX 2.9\tex/generic/pst-tools
\pst-tools.tex" `PST-tools' v0.10, 2020/03/24 (hv)
\randomi=\count313
\ranval=\count314
)
("C:\Users\SteffenZeile\AppData\Local\Programs\MiKTeX 2.9\tex/generic/pstricks-
add\pstricks-add.tex"
("C:\Users\SteffenZeile\AppData\Local\Programs\MiKTeX 2.9\tex/generic/pst-arrow
\pst-arrow.tex" `pst-arrow' v0.01, 2016/09/01 (dr,hv)
\pshooklength=\dimen261
\pshookwidth=\dimen262
)
("C:\Users\SteffenZeile\AppData\Local\Programs\MiKTeX 2.9\tex/generic/pst-3d\ps
t-3d.tex" `PST-3d' v1.11, 2010/02/14 (tvz))
("C:\Users\SteffenZeile\AppData\Local\Programs\MiKTeX 2.9\tex/generic/pst-math\
pst-math.tex" `pst-math' v0.64 , (CJ,hv))
`pstricks-add' v3.89a, 2020/02/12 (dr,hv)
\psparallelogramsep=\dimen263
\pst@cntC=\count315
\pst@stepcount=\count316
\chart@ColorIndex=\dimen264
\chart@ColorStep=\dimen265
\pst@chartHeight=\dimen266
\pst@chartStackDepth=\dimen267
\pst@chartStackWidth=\dimen268
\chart@Toggle=\count317
\psVectorCtr=\count318
)  v1.92, 2019/05/16 (tvz,hv)
\pstRadUnit=\dimen269
\pstRadUnitInv=\dimen270
\pst@linecnt=\count319
\RCD@file=\read2
\psxlabelsep=\dimen271
\psylabelsep=\dimen272
\psk@subticksize=\dimen273
\pst@xticksizeA=\dimen274
\pst@xticksizeB=\dimen275
\pst@xticksizeC=\dimen276
\pst@yticksizeA=\dimen277
\pst@yticksizeB=\dimen278
\pst@yticksizeC=\dimen279
\@digitcounter=\count320
\psk@llx=\dimen280
\psk@lly=\dimen281
\psk@urx=\dimen282
\psk@ury=\dimen283
\pst@xunit=\dimen284
\pst@yunit=\dimen285
)
File: pst-plot.tex 2019/05/16 1.92 `pst-plot' (tvz,hv)
)
("C:\Users\SteffenZeile\AppData\Local\Programs\MiKTeX 2.9\tex/latex/pst-circ\ps
t-circ.sty"
Package: pst-circ 2019/01/22 package wrapper for pst-circ.tex (hv)

("C:\Users\SteffenZeile\AppData\Local\Programs\MiKTeX 2.9\tex/generic/pst-circ\
pst-circ.tex"
("C:\Users\SteffenZeile\AppData\Local\Programs\MiKTeX 2.9\tex/generic/pst-node\
pst-node.tex")
("C:\Users\SteffenZeile\AppData\Local\Programs\MiKTeX 2.9\tex/generic/multido\m
ultido.tex"  v1.42, 2010/05/14 <tvz>) `pst-circ' v2.17(hv)
\Pst@position=\dimen286
\pst@count@i=\count321
\pst@count@ii=\count322
\pst@count@iii=\count323
\Pst@basesep=\dimen287
)
File: pst-circ.tex 2020/05/26 v2.17 `PST-circ' (CJ,hv)
)
("C:\Users\SteffenZeile\AppData\Local\Programs\MiKTeX 2.9\tex/latex/frankenstei
n\moredefs.sty"
Package: moredefs 2001/08/31 v1.8 more defining commands (Frankenstein's brain)

\sc@toks@a=\toks40
\sc@toks@b=\toks41
)
\mlLegendThickness=\skip62
\mlLegendHeight=\skip63

("C:\Users\SteffenZeile\AppData\Local\Programs\MiKTeX 2.9\tex/latex/l3backend\l
3backend-pdfmode.def"
File: l3backend-pdfmode.def 2020-06-03 L3 backend support: PDF mode
\l__kernel_color_stack_int=\count324
\l__pdf_internal_box=\box56
) (reportGroup15.aux)
\openout1 = `reportGroup15.aux'.

LaTeX Font Info:    Checking defaults for OML/cmm/m/it on input line 54.
LaTeX Font Info:    ... okay on input line 54.
LaTeX Font Info:    Checking defaults for OMS/cmsy/m/n on input line 54.
LaTeX Font Info:    ... okay on input line 54.
LaTeX Font Info:    Checking defaults for OT1/cmr/m/n on input line 54.
LaTeX Font Info:    ... okay on input line 54.
LaTeX Font Info:    Checking defaults for T1/cmr/m/n on input line 54.
LaTeX Font Info:    ... okay on input line 54.
LaTeX Font Info:    Checking defaults for TS1/cmr/m/n on input line 54.
LaTeX Font Info:    ... okay on input line 54.
LaTeX Font Info:    Checking defaults for OMX/cmex/m/n on input line 54.
LaTeX Font Info:    ... okay on input line 54.
LaTeX Font Info:    Checking defaults for U/cmr/m/n on input line 54.
LaTeX Font Info:    ... okay on input line 54.

("C:\Users\SteffenZeile\AppData\Local\Programs\MiKTeX 2.9\tex/context/base/mkii
\supp-pdf.mkii"
[Loading MPS to PDF converter (version 2006.09.02).]
\scratchcounter=\count325
\scratchdimen=\dimen288
\scratchbox=\box57
\nofMPsegments=\count326
\nofMParguments=\count327
\everyMPshowfont=\toks42
\MPscratchCnt=\count328
\MPscratchDim=\dimen289
\MPnumerator=\count329
\makeMPintoPDFobject=\count330
\everyMPtoPDFconversion=\toks43
)
("C:\Users\SteffenZeile\AppData\Local\Programs\MiKTeX 2.9\tex/latex/epstopdf-pk
g\epstopdf-base.sty"
Package: epstopdf-base 2020-01-24 v2.11 Base part for package epstopdf
Package epstopdf-base Info: Redefining graphics rule for `.eps' on input line 4
85.
)
LaTeX Font Info:    Calculating math sizes for size <14> on input line 58.
\c@sv@footnote=\count331
 [1
Non-PDF special ignored!
<special> header=pstricks.pro
Non-PDF special ignored!
<special> header=pst-algparser.pro
Non-PDF special ignored!
<special> header=pst-tools.pro
Non-PDF special ignored!
<special> header=pst-dots.pro
Non-PDF special ignored!
<special> header=pst-node.pro
Non-PDF special ignored!
<special> header=pst-3d.pro
Non-PDF special ignored!
<special> header=pst-math.pro
Non-PDF special ignored!
<special> header=pstricks-add.pro
Non-PDF special ignored!
<special> header=pst-circ.pro
{C:/Users/SteffenZeile/AppData/Local/MiKTeX/2.9/pdftex/config/pdftex.map}
Non-PDF special ignored!
<special> ps: /pssetRGBcolor /setrgbcolor load def /pssetCMYKcolor /setcmyk...
Non-PDF special ignored!
<special> ps:tx@Dict begin  gsave STV CP T /ps@rot 0 def grestore  end
Non-PDF special ignored!
<special> ps:tx@Dict begin  gsave STV CP T /ps@refangle 0.  def grestore  e...
Non-PDF special ignored!
<special> ps:tx@Dict begin  gsave STV CP T /ps@rot 0 def grestore  end

] (reportGroup15.aux) ) 
Here is how much of TeX's memory you used:
 14577 strings out of 480763
 258991 string characters out of 2890598
 605999 words of memory out of 3000000
 30421 multiletter control sequences out of 15000+200000
 544561 words of font info for 54 fonts, out of 3000000 for 9000
 1141 hyphenation exceptions out of 8191
 39i,13n,55p,572b,269s stack positions out of 5000i,500n,10000p,200000b,50000s
 <C:\Users\SteffenZeile\AppData\Local\MiKTeX\2.9\fonts/p
k/ljfour/jknappen/ec/dpi600\ecrm0700.pk> <C:\Users\SteffenZeile\AppData\Local\M
iKTeX\2.9\fonts/pk/ljfour/jknappen/ec/dpi600\ecrm0600.pk> <C:\Users\SteffenZeil
e\AppData\Local\MiKTeX\2.9\fonts/pk/ljfour/jknappen/ec/dpi600\ecrm0800.pk> <C:\
Users\SteffenZeile\AppData\Local\MiKTeX\2.9\fonts/pk/ljfour/jknappen/ec/dpi600\
ecbx0800.pk> <C:\Users\SteffenZeile\AppData\Local\MiKTeX\2.9\fonts/pk/ljfour/jk
nappen/ec/dpi600\ecti1000.pk> <C:\Users\SteffenZeile\AppData\Local\MiKTeX\2.9\f
onts/pk/ljfour/jknappen/ec/dpi600\ecrm1000.pk> <C:\Users\SteffenZeile\AppData\L
ocal\MiKTeX\2.9\fonts/pk/ljfour/jknappen/ec/dpi600\ecbx1000.pk> <C:\Users\Steff
enZeile\AppData\Local\MiKTeX\2.9\fonts/pk/ljfour/jknappen/ec/dpi600\ecbx1440.pk
><C:/Users/SteffenZeile/AppData/Local/Programs/MiKTeX 2.9/fonts/type1/public/am
sfonts/cm/cmex10.pfb><C:/Users/SteffenZeile/AppData/Local/Programs/MiKTeX 2.9/f
onts/type1/public/amsfonts/cm/cmmi10.pfb><C:/Users/SteffenZeile/AppData/Local/P
rograms/MiKTeX 2.9/fonts/type1/public/amsfonts/cm/cmmi6.pfb><C:/Users/SteffenZe
ile/AppData/Local/Programs/MiKTeX 2.9/fonts/type1/public/amsfonts/cm/cmmi7.pfb>
<C:/Users/SteffenZeile/AppData/Local/Programs/MiKTeX 2.9/fonts/type1/public/ams
fonts/cm/cmmi8.pfb><C:/Users/SteffenZeile/AppData/Local/Programs/MiKTeX 2.9/fon
ts/type1/public/amsfonts/cm/cmr10.pfb><C:/Users/SteffenZeile/AppData/Local/Prog
rams/MiKTeX 2.9/fonts/type1/public/amsfonts/cm/cmr6.pfb><C:/Users/SteffenZeile/
AppData/Local/Programs/MiKTeX 2.9/fonts/type1/public/amsfonts/cm/cmr7.pfb><C:/U
sers/SteffenZeile/AppData/Local/Programs/MiKTeX 2.9/fonts/type1/public/amsfonts
/cm/cmr8.pfb><C:/Users/SteffenZeile/AppData/Local/Programs/MiKTeX 2.9/fonts/typ
e1/public/amsfonts/cm/cmsy10.pfb><C:/Users/SteffenZeile/AppData/Local/Programs/
MiKTeX 2.9/fonts/type1/public/amsfonts/cm/cmsy8.pfb>
Output written on reportGroup15.pdf (1 page, 152343 bytes).
PDF statistics:
 248 PDF objects out of 1000 (max. 8388607)
 0 named destinations out of 1000 (max. 500000)
 1 words of extra memory for PDF output out of 10000 (max. 10000000)

